<?xml version="1.0" encoding="UTF-8"?>
<!-- Generated by org.testng.reporters.JUnitReportReporter -->
<testsuite hostname="DESKTOP-E9J2K2J" failures="0" tests="1" name="Module_1_test.testNG_testclass" time="16.367" errors="0" timestamp="2023-08-05T10:31:10 IST" skipped="0">
  <testcase classname="Module_1_test.testNG_testclass" name="verifyemail_guru99" time="16.367"/>
</testsuite> <!-- Module_1_test.testNG_testclass -->
